<?xml version="1.0" encoding="UTF-8"?>
<testng-results skipped="2" failed="0" total="2" passed="0">
  <reporter-output>
  </reporter-output>
  <suite name="Default suite" duration-ms="684" started-at="2018-01-21T17:46:41Z" finished-at="2018-01-21T17:46:42Z">
    <groups>
    </groups>
    <test name="Login test" duration-ms="684" started-at="2018-01-21T17:46:41Z" finished-at="2018-01-21T17:46:42Z">
      <class name="com.test1.tests.MyAccountPageTests">
        <test-method status="FAIL" signature="beforeTest()[pri:0, instance:com.test1.tests.MyAccountPageTests@36ebc363]" name="beforeTest" is-config="true" duration-ms="0" started-at="2018-01-21T23:16:41Z" finished-at="2018-01-21T23:16:41Z">
          <exception class="java.lang.NoSuchMethodError">
            <message>
              <![CDATA[org.slf4j.impl.StaticLoggerBinder.getSingleton()Lorg/slf4j/impl/StaticLoggerBinder;]]>
            </message>
            <full-stacktrace>
              <![CDATA[java.lang.NoSuchMethodError: org.slf4j.impl.StaticLoggerBinder.getSingleton()Lorg/slf4j/impl/StaticLoggerBinder;
	at org.slf4j.LoggerFactory.bind(LoggerFactory.java:128)
	at org.slf4j.LoggerFactory.performInitialization(LoggerFactory.java:107)
	at org.slf4j.LoggerFactory.getILoggerFactory(LoggerFactory.java:295)
	at org.slf4j.LoggerFactory.getLogger(LoggerFactory.java:269)
	at org.apache.commons.logging.impl.SLF4JLogFactory.getInstance(SLF4JLogFactory.java:155)
	at org.apache.commons.logging.impl.SLF4JLogFactory.getInstance(SLF4JLogFactory.java:131)
	at org.apache.commons.logging.LogFactory.getLog(LogFactory.java:655)
	at org.apache.http.conn.ssl.AbstractVerifier.<init>(AbstractVerifier.java:60)
	at org.apache.http.conn.ssl.AllowAllHostnameVerifier.<init>(AllowAllHostnameVerifier.java:43)
	at org.apache.http.conn.ssl.AllowAllHostnameVerifier.<clinit>(AllowAllHostnameVerifier.java:45)
	at org.apache.http.conn.ssl.SSLConnectionSocketFactory.<clinit>(SSLConnectionSocketFactory.java:144)
	at org.openqa.selenium.remote.internal.HttpClientFactory.getClientConnectionManager(HttpClientFactory.java:71)
	at org.openqa.selenium.remote.internal.HttpClientFactory.<init>(HttpClientFactory.java:57)
	at org.openqa.selenium.remote.internal.HttpClientFactory.<init>(HttpClientFactory.java:60)
	at org.openqa.selenium.remote.internal.ApacheHttpClient$Factory.getDefaultHttpClientFactory(ApacheHttpClient.java:250)
	at org.openqa.selenium.remote.internal.ApacheHttpClient$Factory.<init>(ApacheHttpClient.java:227)
	at org.openqa.selenium.remote.HttpCommandExecutor.getDefaultClientFactory(HttpCommandExecutor.java:92)
	at org.openqa.selenium.remote.HttpCommandExecutor.<init>(HttpCommandExecutor.java:71)
	at org.openqa.selenium.remote.service.DriverCommandExecutor.<init>(DriverCommandExecutor.java:62)
	at org.openqa.selenium.chrome.ChromeDriverCommandExecutor.<init>(ChromeDriverCommandExecutor.java:40)
	at org.openqa.selenium.chrome.ChromeDriver.<init>(ChromeDriver.java:174)
	at org.openqa.selenium.chrome.ChromeDriver.<init>(ChromeDriver.java:163)
	at org.openqa.selenium.chrome.ChromeDriver.<init>(ChromeDriver.java:120)
	at com.test1.tests.MyAccountPageTests.beforeTest(MyAccountPageTests.java:28)
	at sun.reflect.NativeMethodAccessorImpl.invoke0(Native Method)
	at sun.reflect.NativeMethodAccessorImpl.invoke(NativeMethodAccessorImpl.java:62)
	at sun.reflect.DelegatingMethodAccessorImpl.invoke(DelegatingMethodAccessorImpl.java:43)
	at java.lang.reflect.Method.invoke(Method.java:498)
	at org.testng.internal.MethodInvocationHelper.invokeMethod(MethodInvocationHelper.java:80)
	at org.testng.internal.Invoker.invokeConfigurationMethod(Invoker.java:564)
	at org.testng.internal.Invoker.invokeConfigurations(Invoker.java:213)
	at org.testng.internal.Invoker.invokeConfigurations(Invoker.java:138)
	at org.testng.TestRunner.beforeRun(TestRunner.java:641)
	at org.testng.TestRunner.run(TestRunner.java:609)
	at org.testng.SuiteRunner.runTest(SuiteRunner.java:334)
	at org.testng.SuiteRunner.runSequentially(SuiteRunner.java:329)
	at org.testng.SuiteRunner.privateRun(SuiteRunner.java:291)
	at org.testng.SuiteRunner.run(SuiteRunner.java:240)
	at org.testng.SuiteRunnerWorker.runSuite(SuiteRunnerWorker.java:52)
	at org.testng.SuiteRunnerWorker.run(SuiteRunnerWorker.java:86)
	at org.testng.TestNG.runSuitesSequentially(TestNG.java:1198)
	at org.testng.TestNG.runSuitesLocally(TestNG.java:1123)
	at org.testng.TestNG.run(TestNG.java:1031)
	at org.testng.remote.AbstractRemoteTestNG.run(AbstractRemoteTestNG.java:114)
	at org.testng.remote.RemoteTestNG.initAndRun(RemoteTestNG.java:251)
	at org.testng.remote.RemoteTestNG.main(RemoteTestNG.java:77)
]]>
            </full-stacktrace>
          </exception> <!-- java.lang.NoSuchMethodError -->
          <reporter-output>
          </reporter-output>
        </test-method> <!-- beforeTest -->
        <test-method status="SKIP" signature="TestSuccessfulLogin()[pri:0, instance:com.test1.tests.MyAccountPageTests@36ebc363]" name="TestSuccessfulLogin" duration-ms="7" started-at="2018-01-21T23:16:42Z" finished-at="2018-01-21T23:16:42Z">
          <reporter-output>
          </reporter-output>
        </test-method> <!-- TestSuccessfulLogin -->
        <test-method status="SKIP" signature="TestAnchorTag()[pri:0, instance:com.test1.tests.MyAccountPageTests@36ebc363]" name="TestAnchorTag" duration-ms="2" started-at="2018-01-21T23:16:42Z" finished-at="2018-01-21T23:16:42Z">
          <reporter-output>
          </reporter-output>
        </test-method> <!-- TestAnchorTag -->
        <test-method status="SKIP" signature="afterTest()[pri:0, instance:com.test1.tests.MyAccountPageTests@36ebc363]" name="afterTest" is-config="true" duration-ms="0" started-at="2018-01-21T23:16:42Z" finished-at="2018-01-21T23:16:42Z">
          <reporter-output>
          </reporter-output>
        </test-method> <!-- afterTest -->
      </class> <!-- com.test1.tests.MyAccountPageTests -->
    </test> <!-- Login test -->
  </suite> <!-- Default suite -->
</testng-results>
