<?xml version="1.0" encoding="UTF-8"?>
<testng-results skipped="0" failed="0" ignored="0" total="2" passed="2">
  <reporter-output>
  </reporter-output>
  <suite name="Suite" duration-ms="23192" started-at="2020-10-05T23:39:46 IST" finished-at="2020-10-05T23:40:09 IST">
    <groups>
    </groups>
    <test name="Test" duration-ms="23192" started-at="2020-10-05T23:39:46 IST" finished-at="2020-10-05T23:40:09 IST">
      <class name="com.tests.SampleTest">
        <test-method status="PASS" signature="TestLogin()[pri:0, instance:com.tests.SampleTest@2698dc7]" name="TestLogin" duration-ms="14273" started-at="2020-10-05T23:39:46 IST" finished-at="2020-10-05T23:40:00 IST">
          <reporter-output>
          </reporter-output>
        </test-method> <!-- TestLogin -->
        <test-method status="PASS" signature="TestTitle()[pri:0, instance:com.tests.SampleTest@2698dc7]" name="TestTitle" duration-ms="8610" started-at="2020-10-05T23:40:00 IST" finished-at="2020-10-05T23:40:09 IST">
          <reporter-output>
          </reporter-output>
        </test-method> <!-- TestTitle -->
      </class> <!-- com.tests.SampleTest -->
    </test> <!-- Test -->
  </suite> <!-- Suite -->
</testng-results>
