<?xml version="1.0" encoding="UTF-8"?>
<testng-results skipped="0" failed="0" total="1" passed="1">
  <reporter-output>
  </reporter-output>
  <suite name="Default suite" duration-ms="14542" started-at="2018-04-07T18:21:57Z" finished-at="2018-04-07T18:22:11Z">
    <groups>
    </groups>
    <test name="Login test" duration-ms="14542" started-at="2018-04-07T18:21:57Z" finished-at="2018-04-07T18:22:11Z">
      <class name="com.test1.tests.MyAccountPageTests">
        <test-method status="PASS" signature="beforeTest()[pri:0, instance:com.test1.tests.MyAccountPageTests@bf9759]" name="beforeTest" is-config="true" duration-ms="3627" started-at="2018-04-07T23:51:57Z" finished-at="2018-04-07T23:52:01Z">
          <reporter-output>
          </reporter-output>
        </test-method> <!-- beforeTest -->
        <test-method status="PASS" signature="testSuccessfulLogin()[pri:0, instance:com.test1.tests.MyAccountPageTests@bf9759]" name="testSuccessfulLogin" duration-ms="8656" started-at="2018-04-07T23:52:01Z" finished-at="2018-04-07T23:52:09Z">
          <reporter-output>
          </reporter-output>
        </test-method> <!-- testSuccessfulLogin -->
        <test-method status="PASS" signature="afterTest()[pri:0, instance:com.test1.tests.MyAccountPageTests@bf9759]" name="afterTest" is-config="true" duration-ms="2206" started-at="2018-04-07T23:52:09Z" finished-at="2018-04-07T23:52:11Z">
          <reporter-output>
          </reporter-output>
        </test-method> <!-- afterTest -->
      </class> <!-- com.test1.tests.MyAccountPageTests -->
    </test> <!-- Login test -->
  </suite> <!-- Default suite -->
</testng-results>
